Flutter crash report.
Please report a bug at https://github.com/flutter/flutter/issues.

## command

flutter run

## exception

StateError: Bad state: No element

```
```

## flutter doctor

```
[32m[✓][39m Flutter (Channel stable, 3.38.5, on Microsoft Windows [Version 10.0.26200.7623], locale
    en-MY) [664ms]
    [32m•[39m Flutter version 3.38.5 on channel stable at C:\src\flutter
    [32m•[39m Upstream repository https://github.com/flutter/flutter.git
    [32m•[39m Framework revision f6ff1529fd (10 weeks ago), 2025-12-11 11:50:07 -0500
    [32m•[39m Engine revision 1527ae0ec5
    [32m•[39m Dart version 3.10.4
    [32m•[39m DevTools version 2.51.1
    [32m•[39m Feature flags: enable-web, enable-linux-desktop, enable-macos-desktop,
      enable-windows-desktop, enable-android, enable-ios, cli-animations, enable-native-assets,
      omit-legacy-version-file, enable-lldb-debugging

[32m[✓][39m Windows Version (11 Home Single Language 64-bit, 25H2, 2009) [2.7s]

[32m[✓][39m Android toolchain - develop for Android devices (Android SDK version 36.1.0) [6.2s]
    [32m•[39m Android SDK at C:\Users\nrsuh\AppData\Local\Android\sdk
    [32m•[39m Emulator version 36.3.10.0 (build_id 14472402) (CL:N/A)
    [32m•[39m Platform android-36, build-tools 36.1.0
    [32m•[39m Java binary at: C:\Program Files\Android\Android Studio\jbr\bin\java
      This is the JDK bundled with the latest Android Studio installation on this machine.
      To manually set the JDK path, use: `flutter config --jdk-dir="path/to/jdk"`.
    [32m•[39m Java version OpenJDK Runtime Environment (build 21.0.8+-14196175-b1038.72)
    [32m•[39m All Android licenses accepted.

[32m[✓][39m Chrome - develop for the web [19ms]
    [32m•[39m Chrome at C:\Program Files\Google\Chrome\Application\chrome.exe

[31m[✗][39m Visual Studio - develop Windows apps [16ms]
    [31m✗[39m Visual Studio not installed; this is necessary to develop Windows apps.
      Download at https://visualstudio.microsoft.com/downloads/.
      Please install the "Desktop development with C++" workload, including all of its default
      components

[32m[✓][39m Connected device (3 available) [495ms]
    [32m•[39m Windows (desktop) • windows • windows-x64    • Microsoft Windows [Version
      10.0.26200.7623]
    [32m•[39m Chrome (web)      • chrome  • web-javascript • Google Chrome 144.0.7559.132
    [32m•[39m Edge (web)        • edge    • web-javascript • Microsoft Edge 144.0.3719.104

[32m[✓][39m Network resources [3.4s]
    [32m•[39m All expected network resources are available.

[33m![39m Doctor found issues in 1 category.
```
